[21:34:00] [main/INFO] (FabricLoader/GameProvider) Loading Minecraft 1.20.1 with Fabric Loader 0.16.4
[21:34:00] [main/INFO] (FabricLoader) Loading 59 mods:
	- fabric-api 0.92.2+1.20.1
	- fabric-api-base 0.4.31+1802ada577
	- fabric-api-lookup-api-v1 1.6.36+1802ada577
	- fabric-biome-api-v1 13.0.13+1802ada577
	- fabric-block-api-v1 1.0.11+1802ada577
	- fabric-block-view-api-v2 1.0.1+1802ada577
	- fabric-blockrenderlayer-v1 1.1.41+1802ada577
	- fabric-client-tags-api-v1 1.1.2+1802ada577
	- fabric-command-api-v1 1.2.34+f71b366f77
	- fabric-command-api-v2 2.2.13+1802ada577
	- fabric-commands-v0 0.2.51+df3654b377
	- fabric-containers-v0 0.1.64+df3654b377
	- fabric-content-registries-v0 4.0.11+1802ada577
	- fabric-convention-tags-v1 1.5.5+1802ada577
	- fabric-crash-report-info-v1 0.2.19+1802ada577
	- fabric-data-attachment-api-v1 1.0.0+de0fd6d177
	- fabric-data-generation-api-v1 12.3.4+1802ada577
	- fabric-dimensions-v1 2.1.54+1802ada577
	- fabric-entity-events-v1 1.6.0+1c78457f77
	- fabric-events-interaction-v0 0.6.2+1802ada577
	- fabric-events-lifecycle-v0 0.2.63+df3654b377
	- fabric-game-rule-api-v1 1.0.40+1802ada577
	- fabric-gametest-api-v1 1.2.13+1802ada577
	- fabric-item-api-v1 2.1.28+1802ada577
	- fabric-item-group-api-v1 4.0.12+1802ada577
	- fabric-key-binding-api-v1 1.0.37+1802ada577
	- fabric-keybindings-v0 0.2.35+df3654b377
	- fabric-lifecycle-events-v1 2.2.22+1802ada577
	- fabric-loot-api-v2 1.2.1+1802ada577
	- fabric-loot-tables-v1 1.1.45+9e7660c677
	- fabric-message-api-v1 5.1.9+1802ada577
	- fabric-mining-level-api-v1 2.1.50+1802ada577
	- fabric-model-loading-api-v1 1.0.3+1802ada577
	- fabric-models-v0 0.4.2+9386d8a777
	- fabric-networking-api-v1 1.3.11+1802ada577
	- fabric-networking-v0 0.3.51+df3654b377
	- fabric-object-builder-api-v1 11.1.3+1802ada577
	- fabric-particles-v1 1.1.2+1802ada577
	- fabric-recipe-api-v1 1.0.21+1802ada577
	- fabric-registry-sync-v0 2.3.3+1802ada577
	- fabric-renderer-api-v1 3.2.1+1802ada577
	- fabric-renderer-indigo 1.5.2+85287f9f77
	- fabric-renderer-registries-v1 3.2.46+df3654b377
	- fabric-rendering-data-attachment-v1 0.3.37+92a0d36777
	- fabric-rendering-fluids-v1 3.0.28+1802ada577
	- fabric-rendering-v0 1.1.49+df3654b377
	- fabric-rendering-v1 3.0.8+1802ada577
	- fabric-resource-conditions-api-v1 2.3.8+1802ada577
	- fabric-resource-loader-v0 0.11.10+1802ada577
	- fabric-screen-api-v1 2.0.8+1802ada577
	- fabric-screen-handler-api-v1 1.3.30+1802ada577
	- fabric-sound-api-v1 1.0.13+1802ada577
	- fabric-transfer-api-v1 3.3.5+8dd72ea377
	- fabric-transitive-access-wideners-v1 4.3.1+1802ada577
	- fabricloader 0.16.4
	- fv 1.0
	- java 21
	- minecraft 1.20.1
	- mixinextras 0.4.1
[21:34:01] [main/INFO] (FabricLoader/Mixin) SpongePowered MIXIN Subsystem Version=0.8.7 Source=file:/E:/.gradle/caches/modules-2/files-2.1/net.fabricmc/sponge-mixin/0.15.3+mixin.0.8.7/51ee0a44ab05f6fddd66b09e66b3a16904f9c55d/sponge-mixin-0.15.3+mixin.0.8.7.jar Service=Knot/Fabric Env=CLIENT
[21:34:01] [main/INFO] (FabricLoader/Mixin) Loaded Fabric development mappings for mixin remapper!
[21:34:01] [main/INFO] (FabricLoader/Mixin) Compatibility level set to JAVA_16
[21:34:01] [main/INFO] (FabricLoader/Mixin) Compatibility level set to JAVA_17
[21:34:02] [main/INFO] (FabricLoader/MixinExtras|Service) Initializing MixinExtras via com.llamalad7.mixinextras.service.MixinExtrasServiceImpl(version=0.4.1).
[21:34:08] [Datafixer Bootstrap/INFO] (Minecraft) 188 Datafixer optimizations took 145 milliseconds
[21:34:09] [Render thread/INFO] (Minecraft) [STDERR]: [LWJGL] [ThreadLocalUtil] Unsupported JNI version detected, this may result in a crash. Please inform LWJGL developers.
[21:34:10] [Render thread/INFO] (Minecraft) Environment: authHost='https://authserver.mojang.com', accountsHost='https://api.mojang.com', sessionHost='https://sessionserver.mojang.com', servicesHost='https://api.minecraftservices.com', name='PROD'
[21:34:10] [Render thread/ERROR] (Minecraft) Failed to verify authentication
com.mojang.authlib.exceptions.InvalidCredentialsException: Status: 401
	at com.mojang.authlib.exceptions.MinecraftClientHttpException.toAuthenticationException(MinecraftClientHttpException.java:56) ~[authlib-4.0.43.jar:?]
	at com.mojang.authlib.yggdrasil.YggdrasilUserApiService.fetchProperties(YggdrasilUserApiService.java:156) ~[authlib-4.0.43.jar:?]
	at com.mojang.authlib.yggdrasil.YggdrasilUserApiService.<init>(YggdrasilUserApiService.java:55) ~[authlib-4.0.43.jar:?]
	at com.mojang.authlib.yggdrasil.YggdrasilAuthenticationService.createUserApiService(YggdrasilAuthenticationService.java:124) ~[authlib-4.0.43.jar:?]
	at net.minecraft.client.MinecraftClient.createUserApiService(MinecraftClient.java:733) ~[minecraft-merged-7787b014d4-1.20.1-net.fabricmc.yarn.1_20_1.1.20.1+build.10-v2.jar:?]
	at net.minecraft.client.MinecraftClient.<init>(MinecraftClient.java:442) ~[minecraft-merged-7787b014d4-1.20.1-net.fabricmc.yarn.1_20_1.1.20.1+build.10-v2.jar:?]
	at net.minecraft.client.main.Main.main(Main.java:211) ~[minecraft-merged-7787b014d4-1.20.1-net.fabricmc.yarn.1_20_1.1.20.1+build.10-v2.jar:?]
	at net.fabricmc.loader.impl.game.minecraft.MinecraftGameProvider.launch(MinecraftGameProvider.java:480) ~[fabric-loader-0.16.4.jar:?]
	at net.fabricmc.loader.impl.launch.knot.Knot.launch(Knot.java:74) ~[fabric-loader-0.16.4.jar:?]
	at net.fabricmc.loader.impl.launch.knot.KnotClient.main(KnotClient.java:23) ~[fabric-loader-0.16.4.jar:?]
	at net.fabricmc.devlaunchinjector.Main.main(Main.java:86) ~[dev-launch-injector-0.2.1+build.8.jar:?]
Caused by: com.mojang.authlib.exceptions.MinecraftClientHttpException: Status: 401
	at com.mojang.authlib.minecraft.client.MinecraftClient.readInputStream(MinecraftClient.java:85) ~[authlib-4.0.43.jar:?]
	at com.mojang.authlib.minecraft.client.MinecraftClient.get(MinecraftClient.java:48) ~[authlib-4.0.43.jar:?]
	at com.mojang.authlib.yggdrasil.YggdrasilUserApiService.fetchProperties(YggdrasilUserApiService.java:129) ~[authlib-4.0.43.jar:?]
	... 9 more
[21:34:10] [Render thread/INFO] (Minecraft) Setting user: Player826
[21:34:11] [Render thread/INFO] (Indigo) [Indigo] Registering Indigo renderer!
[21:34:11] [Render thread/INFO] (FakeVanilla) Fake Vanilla mod loaded.
[21:34:11] [Render thread/INFO] (Minecraft) Backend library: LWJGL version 3.3.2-snapshot
[21:34:12] [Render thread/INFO] (Minecraft) Reloading ResourceManager: vanilla, fabric (fabric-entity-events-v1, fabric-item-group-api-v1, fabric-resource-loader-v0, fabric-mining-level-api-v1, fabric-transfer-api-v1, fabric-block-api-v1, fabric-screen-api-v1, fabric-api-lookup-api-v1, fabric-networking-v0, fabric-gametest-api-v1, fabric-client-tags-api-v1, fabric-data-generation-api-v1, fabric-api-base, fabric-lifecycle-events-v1, fabric-rendering-v1, fabric-loot-tables-v1, fabric-sound-api-v1, fabric-command-api-v1, fabric-renderer-api-v1, fabric-biome-api-v1, fabric-object-builder-api-v1, fabric-events-interaction-v0, fabric-transitive-access-wideners-v1, fabric-screen-handler-api-v1, fabric-api, fabricloader, fabric-events-lifecycle-v0, fabric-recipe-api-v1, fabric-block-view-api-v2, fabric-rendering-data-attachment-v1, fabric-renderer-registries-v1, fabric-renderer-indigo, fabric-keybindings-v0, fabric-loot-api-v2, fabric-models-v0, fabric-resource-conditions-api-v1, fabric-networking-api-v1, fabric-particles-v1, fabric-registry-sync-v0, fabric-data-attachment-api-v1, fabric-game-rule-api-v1, fabric-dimensions-v1, fabric-convention-tags-v1, fabric-message-api-v1, fabric-model-loading-api-v1, fabric-key-binding-api-v1, fabric-blockrenderlayer-v1, fabric-rendering-fluids-v1, fabric-item-api-v1, fabric-rendering-v0, fabric-containers-v0, fabric-command-api-v2, fabric-commands-v0, fabric-crash-report-info-v1, fabric-content-registries-v0)
[21:34:13] [Worker-Main-5/INFO] (Minecraft) Found unifont_all_no_pua-15.0.06.hex, loading
[21:34:14] [Realms Notification Availability checker #1/INFO] (Minecraft) Could not authorize you against Realms server: Invalid session id
[21:34:14] [Render thread/WARN] (Minecraft) Missing sound for event: minecraft:item.goat_horn.play
[21:34:14] [Render thread/WARN] (Minecraft) Missing sound for event: minecraft:entity.goat.screaming.horn_break
[21:34:14] [Render thread/INFO] (Minecraft) OpenAL initialized on device OpenAL Soft on ÑïÉùÆ÷ (Realtek High Definition Audio)
[21:34:14] [Render thread/INFO] (Minecraft) Sound engine started
[21:34:14] [Render thread/INFO] (Minecraft) Created: 1024x512x4 minecraft:textures/atlas/blocks.png-atlas
[21:34:15] [Render thread/INFO] (Minecraft) Created: 256x256x4 minecraft:textures/atlas/signs.png-atlas
[21:34:15] [Render thread/INFO] (Minecraft) Created: 512x512x4 minecraft:textures/atlas/shield_patterns.png-atlas
[21:34:15] [Render thread/INFO] (Minecraft) Created: 512x512x4 minecraft:textures/atlas/banner_patterns.png-atlas
[21:34:15] [Render thread/INFO] (Minecraft) Created: 1024x1024x4 minecraft:textures/atlas/armor_trims.png-atlas
[21:34:16] [Render thread/INFO] (Minecraft) Created: 128x64x4 minecraft:textures/atlas/decorated_pot.png-atlas
[21:34:16] [Render thread/INFO] (Minecraft) Created: 256x256x4 minecraft:textures/atlas/chest.png-atlas
[21:34:16] [Render thread/INFO] (Minecraft) Created: 512x256x4 minecraft:textures/atlas/shulker_boxes.png-atlas
[21:34:16] [Render thread/INFO] (Minecraft) Created: 512x256x4 minecraft:textures/atlas/beds.png-atlas
[21:34:16] [Render thread/WARN] (Minecraft) Shader rendertype_entity_translucent_emissive could not find sampler named Sampler2 in the specified shader program.
[21:34:17] [Render thread/INFO] (Minecraft) Created: 256x256x0 minecraft:textures/atlas/particles.png-atlas
[21:34:17] [Render thread/INFO] (Minecraft) Created: 256x256x0 minecraft:textures/atlas/paintings.png-atlas
[21:34:17] [Render thread/INFO] (Minecraft) Created: 128x128x0 minecraft:textures/atlas/mob_effects.png-atlas
[21:34:25] [Render thread/INFO] (Minecraft) Loaded 7 recipes
[21:34:25] [Render thread/INFO] (Minecraft) Loaded 1271 advancements
[21:34:28] [Render thread/INFO] (Minecraft) Connecting to 127.0.0.1, 25565
[21:34:30] [Render thread/WARN] (Minecraft) Not all defined tags for registry ResourceKey[minecraft:root / minecraft:fluid] are present in data pack: c:lava, c:water
[21:34:30] [Render thread/WARN] (Minecraft) Not all defined tags for registry ResourceKey[minecraft:root / minecraft:item] are present in data pack: c:axes, c:black_dyes, c:blue_dyes, c:bookshelves, c:bows, c:brown_dyes, c:budding_blocks, c:buds, c:chests, c:clusters, c:coal, c:copper_ingots, c:cyan_dyes, c:diamonds, c:dusts, c:dyes, c:emeralds, c:empty_buckets, c:entity_water_buckets, c:foods, c:gems, c:glass_blocks, c:glass_panes, c:gold_ingots, c:gray_dyes, c:green_dyes, c:hoes, c:ingots, c:iron_ingots, c:lapis, c:lava_buckets, c:light_blue_dyes, c:light_gray_dyes, c:lime_dyes, c:magenta_dyes, c:milk_buckets, c:netherite_ingots, c:nuggets, c:orange_dyes, c:ores, c:pickaxes, c:pink_dyes, c:potions, c:purple_dyes, c:quartz, c:quartz_ores, c:raw_copper_blocks, c:raw_copper_ores, c:raw_gold_blocks, c:raw_gold_ores, c:raw_iron_blocks, c:raw_iron_ores, c:raw_ores, c:red_dyes, c:red_sandstone_blocks, c:red_sandstone_slabs, c:red_sandstone_stairs, c:redstone_dusts, c:sandstone_blocks, c:sandstone_slabs, c:sandstone_stairs, c:shears, c:shields, c:shovels, c:shulker_boxes, c:spears, c:swords, c:uncolored_sandstone_blocks, c:uncolored_sandstone_slabs, c:uncolored_sandstone_stairs, c:villager_job_sites, c:water_buckets, c:white_dyes, c:wooden_barrels, c:yellow_dyes
[21:34:30] [Render thread/WARN] (Minecraft) Not all defined tags for registry ResourceKey[minecraft:root / minecraft:entity_type] are present in data pack: c:boats, c:bosses, c:minecarts
[21:34:30] [Render thread/WARN] (Minecraft) Not all defined tags for registry ResourceKey[minecraft:root / minecraft:block] are present in data pack: c:bookshelves, c:budding_blocks, c:buds, c:chests, c:clusters, c:glass_blocks, c:glass_panes, c:ores, c:quartz_ores, c:red_sandstone_blocks, c:red_sandstone_slabs, c:red_sandstone_stairs, c:sandstone_blocks, c:sandstone_slabs, c:sandstone_stairs, c:shulker_boxes, c:uncolored_sandstone_blocks, c:uncolored_sandstone_slabs, c:uncolored_sandstone_stairs, c:villager_job_sites, c:wooden_barrels
[21:34:30] [Render thread/INFO] (Minecraft) [System] [CHAT]        
[21:34:30] [Render thread/WARN] (Minecraft) Unknown custom packed identifier: badlion:mods
[21:34:30] [Render thread/WARN] (Minecraft) Unknown custom packed identifier: the5zigmod:5zig_set
[21:34:30] [Render thread/WARN] (Minecraft) Unknown custom packed identifier: l:5zig_set
[21:34:30] [Render thread/WARN] (Minecraft) Unknown custom packed identifier: labymod3:main
[21:34:30] [Render thread/INFO] (Minecraft) [System] [CHAT] Player826 joined the game
[21:34:30] [Render thread/INFO] (Minecraft) Loaded 2 advancements
[21:34:52] [Render thread/INFO] (Minecraft) [System] [CHAT] [Server: Made Player826 a server operator]
[21:34:56] [Render thread/INFO] (Minecraft) [System] [CHAT] Set own game mode to Creative Mode
[21:35:03] [Render thread/INFO] (Minecraft) [System] [CHAT] -------[ClientDetector]-------
[21:35:03] [Render thread/INFO] (Minecraft) [System] [CHAT] [ClientDetector] ClientDetector(2.6.1) by Sportkanone123 & Loving11ish
[21:35:03] [Render thread/INFO] (Minecraft) [System] [CHAT] -------[ClientDetector]-------
[21:35:13] [Render thread/INFO] (Minecraft) [System] [CHAT] [ClientDetector] Please use: /client <player>
[21:35:19] [Render thread/INFO] (Minecraft) [System] [CHAT] [ClientDetector] Player826 is using Fabric
[21:35:24] [Render thread/INFO] (Minecraft) Connecting to 127.0.0.1, 25565
[21:35:24] [Render thread/WARN] (Minecraft) Not all defined tags for registry ResourceKey[minecraft:root / minecraft:fluid] are present in data pack: c:lava, c:water
[21:35:24] [Render thread/WARN] (Minecraft) Not all defined tags for registry ResourceKey[minecraft:root / minecraft:item] are present in data pack: c:axes, c:black_dyes, c:blue_dyes, c:bookshelves, c:bows, c:brown_dyes, c:budding_blocks, c:buds, c:chests, c:clusters, c:coal, c:copper_ingots, c:cyan_dyes, c:diamonds, c:dusts, c:dyes, c:emeralds, c:empty_buckets, c:entity_water_buckets, c:foods, c:gems, c:glass_blocks, c:glass_panes, c:gold_ingots, c:gray_dyes, c:green_dyes, c:hoes, c:ingots, c:iron_ingots, c:lapis, c:lava_buckets, c:light_blue_dyes, c:light_gray_dyes, c:lime_dyes, c:magenta_dyes, c:milk_buckets, c:netherite_ingots, c:nuggets, c:orange_dyes, c:ores, c:pickaxes, c:pink_dyes, c:potions, c:purple_dyes, c:quartz, c:quartz_ores, c:raw_copper_blocks, c:raw_copper_ores, c:raw_gold_blocks, c:raw_gold_ores, c:raw_iron_blocks, c:raw_iron_ores, c:raw_ores, c:red_dyes, c:red_sandstone_blocks, c:red_sandstone_slabs, c:red_sandstone_stairs, c:redstone_dusts, c:sandstone_blocks, c:sandstone_slabs, c:sandstone_stairs, c:shears, c:shields, c:shovels, c:shulker_boxes, c:spears, c:swords, c:uncolored_sandstone_blocks, c:uncolored_sandstone_slabs, c:uncolored_sandstone_stairs, c:villager_job_sites, c:water_buckets, c:white_dyes, c:wooden_barrels, c:yellow_dyes
[21:35:24] [Render thread/WARN] (Minecraft) Not all defined tags for registry ResourceKey[minecraft:root / minecraft:entity_type] are present in data pack: c:boats, c:bosses, c:minecarts
[21:35:24] [Render thread/WARN] (Minecraft) Not all defined tags for registry ResourceKey[minecraft:root / minecraft:block] are present in data pack: c:bookshelves, c:budding_blocks, c:buds, c:chests, c:clusters, c:glass_blocks, c:glass_panes, c:ores, c:quartz_ores, c:red_sandstone_blocks, c:red_sandstone_slabs, c:red_sandstone_stairs, c:sandstone_blocks, c:sandstone_slabs, c:sandstone_stairs, c:shulker_boxes, c:uncolored_sandstone_blocks, c:uncolored_sandstone_slabs, c:uncolored_sandstone_stairs, c:villager_job_sites, c:wooden_barrels
[21:35:24] [Render thread/INFO] (Minecraft) [System] [CHAT]        
[21:35:24] [Render thread/WARN] (Minecraft) Unknown custom packed identifier: badlion:mods
[21:35:24] [Render thread/WARN] (Minecraft) Unknown custom packed identifier: the5zigmod:5zig_set
[21:35:24] [Render thread/WARN] (Minecraft) Unknown custom packed identifier: l:5zig_set
[21:35:24] [Render thread/WARN] (Minecraft) Unknown custom packed identifier: labymod3:main
[21:35:24] [Render thread/INFO] (Minecraft) [System] [CHAT] Player826 joined the game
[21:35:24] [Render thread/INFO] (Minecraft) Loaded 2 advancements
[21:35:24] [Render thread/INFO] (Minecraft) [System] [CHAT] [ClientDetector] Player826 joined using Vanilla (Undetectable) (version: 1.20)
[21:35:25] [Render thread/INFO] (Minecraft) [System] [CHAT] *-------------------------------------------*
[21:35:25] [Render thread/INFO] (Minecraft) [System] [CHAT] [ClientDetector]: A new version is available!
[21:35:25] [Render thread/INFO] (Minecraft) [System] [CHAT] *-------------------------------------------*
[21:35:29] [Render thread/INFO] (Minecraft) [System] [CHAT] [ClientDetector] Player826 is using Vanilla (Undetectable) (version: 1.20)
[21:36:03] [Render thread/INFO] (Minecraft) Connecting to 127.0.0.1, 25565
[21:36:03] [Render thread/WARN] (Minecraft) Not all defined tags for registry ResourceKey[minecraft:root / minecraft:fluid] are present in data pack: c:lava, c:water
[21:36:03] [Render thread/WARN] (Minecraft) Not all defined tags for registry ResourceKey[minecraft:root / minecraft:item] are present in data pack: c:axes, c:black_dyes, c:blue_dyes, c:bookshelves, c:bows, c:brown_dyes, c:budding_blocks, c:buds, c:chests, c:clusters, c:coal, c:copper_ingots, c:cyan_dyes, c:diamonds, c:dusts, c:dyes, c:emeralds, c:empty_buckets, c:entity_water_buckets, c:foods, c:gems, c:glass_blocks, c:glass_panes, c:gold_ingots, c:gray_dyes, c:green_dyes, c:hoes, c:ingots, c:iron_ingots, c:lapis, c:lava_buckets, c:light_blue_dyes, c:light_gray_dyes, c:lime_dyes, c:magenta_dyes, c:milk_buckets, c:netherite_ingots, c:nuggets, c:orange_dyes, c:ores, c:pickaxes, c:pink_dyes, c:potions, c:purple_dyes, c:quartz, c:quartz_ores, c:raw_copper_blocks, c:raw_copper_ores, c:raw_gold_blocks, c:raw_gold_ores, c:raw_iron_blocks, c:raw_iron_ores, c:raw_ores, c:red_dyes, c:red_sandstone_blocks, c:red_sandstone_slabs, c:red_sandstone_stairs, c:redstone_dusts, c:sandstone_blocks, c:sandstone_slabs, c:sandstone_stairs, c:shears, c:shields, c:shovels, c:shulker_boxes, c:spears, c:swords, c:uncolored_sandstone_blocks, c:uncolored_sandstone_slabs, c:uncolored_sandstone_stairs, c:villager_job_sites, c:water_buckets, c:white_dyes, c:wooden_barrels, c:yellow_dyes
[21:36:03] [Render thread/WARN] (Minecraft) Not all defined tags for registry ResourceKey[minecraft:root / minecraft:entity_type] are present in data pack: c:boats, c:bosses, c:minecarts
[21:36:03] [Render thread/WARN] (Minecraft) Not all defined tags for registry ResourceKey[minecraft:root / minecraft:block] are present in data pack: c:bookshelves, c:budding_blocks, c:buds, c:chests, c:clusters, c:glass_blocks, c:glass_panes, c:ores, c:quartz_ores, c:red_sandstone_blocks, c:red_sandstone_slabs, c:red_sandstone_stairs, c:sandstone_blocks, c:sandstone_slabs, c:sandstone_stairs, c:shulker_boxes, c:uncolored_sandstone_blocks, c:uncolored_sandstone_slabs, c:uncolored_sandstone_stairs, c:villager_job_sites, c:wooden_barrels
[21:36:03] [Render thread/INFO] (Minecraft) [System] [CHAT]        
[21:36:03] [Render thread/WARN] (Minecraft) Unknown custom packed identifier: badlion:mods
[21:36:03] [Render thread/WARN] (Minecraft) Unknown custom packed identifier: the5zigmod:5zig_set
[21:36:03] [Render thread/WARN] (Minecraft) Unknown custom packed identifier: l:5zig_set
[21:36:03] [Render thread/WARN] (Minecraft) Unknown custom packed identifier: labymod3:main
[21:36:03] [Render thread/INFO] (Minecraft) [System] [CHAT] Player826 joined the game
[21:36:03] [Render thread/INFO] (Minecraft) Loaded 2 advancements
[21:36:03] [Render thread/INFO] (Minecraft) [System] [CHAT] [ClientDetector] Player826 joined using Fabric
[21:36:04] [Render thread/INFO] (Minecraft) [System] [CHAT] *-------------------------------------------*
[21:36:04] [Render thread/INFO] (Minecraft) [System] [CHAT] [ClientDetector]: A new version is available!
[21:36:04] [Render thread/INFO] (Minecraft) [System] [CHAT] *-------------------------------------------*
[21:36:08] [Render thread/INFO] (Minecraft) [System] [CHAT] Saved screenshot as 2024-12-14_21.36.08.png
[21:36:14] [Render thread/INFO] (Minecraft) Connecting to 127.0.0.1, 25565
[21:36:14] [Render thread/WARN] (Minecraft) Not all defined tags for registry ResourceKey[minecraft:root / minecraft:fluid] are present in data pack: c:lava, c:water
[21:36:14] [Render thread/WARN] (Minecraft) Not all defined tags for registry ResourceKey[minecraft:root / minecraft:item] are present in data pack: c:axes, c:black_dyes, c:blue_dyes, c:bookshelves, c:bows, c:brown_dyes, c:budding_blocks, c:buds, c:chests, c:clusters, c:coal, c:copper_ingots, c:cyan_dyes, c:diamonds, c:dusts, c:dyes, c:emeralds, c:empty_buckets, c:entity_water_buckets, c:foods, c:gems, c:glass_blocks, c:glass_panes, c:gold_ingots, c:gray_dyes, c:green_dyes, c:hoes, c:ingots, c:iron_ingots, c:lapis, c:lava_buckets, c:light_blue_dyes, c:light_gray_dyes, c:lime_dyes, c:magenta_dyes, c:milk_buckets, c:netherite_ingots, c:nuggets, c:orange_dyes, c:ores, c:pickaxes, c:pink_dyes, c:potions, c:purple_dyes, c:quartz, c:quartz_ores, c:raw_copper_blocks, c:raw_copper_ores, c:raw_gold_blocks, c:raw_gold_ores, c:raw_iron_blocks, c:raw_iron_ores, c:raw_ores, c:red_dyes, c:red_sandstone_blocks, c:red_sandstone_slabs, c:red_sandstone_stairs, c:redstone_dusts, c:sandstone_blocks, c:sandstone_slabs, c:sandstone_stairs, c:shears, c:shields, c:shovels, c:shulker_boxes, c:spears, c:swords, c:uncolored_sandstone_blocks, c:uncolored_sandstone_slabs, c:uncolored_sandstone_stairs, c:villager_job_sites, c:water_buckets, c:white_dyes, c:wooden_barrels, c:yellow_dyes
[21:36:14] [Render thread/WARN] (Minecraft) Not all defined tags for registry ResourceKey[minecraft:root / minecraft:entity_type] are present in data pack: c:boats, c:bosses, c:minecarts
[21:36:14] [Render thread/WARN] (Minecraft) Not all defined tags for registry ResourceKey[minecraft:root / minecraft:block] are present in data pack: c:bookshelves, c:budding_blocks, c:buds, c:chests, c:clusters, c:glass_blocks, c:glass_panes, c:ores, c:quartz_ores, c:red_sandstone_blocks, c:red_sandstone_slabs, c:red_sandstone_stairs, c:sandstone_blocks, c:sandstone_slabs, c:sandstone_stairs, c:shulker_boxes, c:uncolored_sandstone_blocks, c:uncolored_sandstone_slabs, c:uncolored_sandstone_stairs, c:villager_job_sites, c:wooden_barrels
[21:36:15] [Render thread/INFO] (Minecraft) [System] [CHAT]        
[21:36:15] [Render thread/WARN] (Minecraft) Unknown custom packed identifier: badlion:mods
[21:36:15] [Render thread/WARN] (Minecraft) Unknown custom packed identifier: the5zigmod:5zig_set
[21:36:15] [Render thread/WARN] (Minecraft) Unknown custom packed identifier: l:5zig_set
[21:36:15] [Render thread/WARN] (Minecraft) Unknown custom packed identifier: labymod3:main
[21:36:15] [Render thread/INFO] (Minecraft) [System] [CHAT] Player826 joined the game
[21:36:15] [Render thread/INFO] (Minecraft) Loaded 2 advancements
[21:36:15] [Render thread/INFO] (Minecraft) [System] [CHAT] [ClientDetector] Player826 joined using Vanilla (Undetectable) (version: 1.20)
[21:36:15] [Render thread/INFO] (Minecraft) [System] [CHAT] *-------------------------------------------*
[21:36:15] [Render thread/INFO] (Minecraft) [System] [CHAT] [ClientDetector]: A new version is available!
[21:36:15] [Render thread/INFO] (Minecraft) [System] [CHAT] *-------------------------------------------*
[21:36:16] [Render thread/INFO] (Minecraft) [System] [CHAT] Saved screenshot as 2024-12-14_21.36.16.png
[21:36:31] [Render thread/INFO] (Minecraft) Stopping!
